ERROR	2021-07-29 19:45:15,585	0	BankingApp	[main]	Employee with employee id : 1 already  exists
ERROR	2021-07-29 19:45:49,168	33583	BankingApp	[main]	Customer with customer id : 1 already  exists
ERROR	2021-07-29 19:59:18,749	0	BankingApp	[main]	Customer with customer id : 1 already  exists
INFO	2021-07-29 22:08:54,792	0	BankingApp	[main]	Welcome , renu you logged in at : Thu Jul 29 22:08:54 IST 2021
INFO	2021-07-29 22:08:56,754	1962	BankingApp	[main]	Started Login
INFO	2021-07-29 22:09:04,431	9639	BankingApp	[main]	sorry null
INFO	2021-07-29 22:11:39,913	0	CustomerDAOImpl	[main]	Adding Cuatomer with the name : abc
ERROR	2021-07-29 22:11:40,036	123	CustomerDAOImpl	[main]	Error during adding customer with the name : abc
INFO	2021-07-29 22:11:40,037	124	CustomerDAOImpl	[main]	Successfully Added customer with the name : abc
INFO	2021-07-29 22:12:47,729	0	CustomerDAOImpl	[main]	Adding Cuatomer with the name : abc
ERROR	2021-07-29 22:12:47,751	22	CustomerDAOImpl	[main]	Error during adding customer with the name : abc
INFO	2021-07-29 22:12:47,751	22	CustomerDAOImpl	[main]	Successfully Added customer with the name : abc
INFO	2021-07-29 22:19:58,632	0	BankingApp	[main]	Welcome , renu you logged in at : Thu Jul 29 22:19:58 IST 2021
INFO	2021-07-29 22:21:44,614	0	CustomerDAOImpl	[main]	Adding Cuatomer with the name : abc
INFO	2021-07-29 22:21:44,629	15	CustomerDAOImpl	[main]	Successfully Added customer with the name : abc
INFO	2021-07-29 22:22:48,386	0	BankingApp	[main]	Welcome , ren you logged in at : Thu Jul 29 22:22:48 IST 2021
ERROR	2021-07-29 22:23:19,815	31429	BankingApp	[main]	Employee with employee id : 1 already  exists
INFO	2021-07-29 22:31:30,524	0	CustomerDAOImpl	[main]	Adding Cuatomer with the name : abc
ERROR	2021-07-29 22:31:30,554	30	CustomerDAOImpl	[main]	Error during adding customer with the name : abc
INFO	2021-07-29 22:31:30,554	30	CustomerDAOImpl	[main]	Successfully Added customer with the name : abc
INFO	2021-07-29 22:32:14,820	0	CustomerDAOImpl	[main]	Adding Cuatomer with the name : abc
ERROR	2021-07-29 22:32:14,846	26	CustomerDAOImpl	[main]	Error during adding customer with the name : abc
INFO	2021-07-29 22:32:14,846	26	CustomerDAOImpl	[main]	Successfully Added customer with the name : abc
INFO	2021-07-29 22:39:28,908	0	CustomerDAOImpl	[main]	Adding Cuatomer with the name : abc
ERROR	2021-07-29 22:39:28,929	21	CustomerDAOImpl	[main]	Error during adding customer with the name : abc
INFO	2021-07-29 22:39:28,929	21	CustomerDAOImpl	[main]	Successfully Added customer with the name : abc
INFO	2021-07-29 22:39:29,119	211	CustomerDAOImpl	[main]	Adding Cuatomer with the name : abc
ERROR	2021-07-29 22:39:29,128	220	CustomerDAOImpl	[main]	Error during adding customer with the name : abc
INFO	2021-07-29 22:39:29,128	220	CustomerDAOImpl	[main]	Successfully Added customer with the name : abc
INFO	2021-07-29 22:47:16,904	0	CustomerDAOImpl	[main]	Adding Cuatomer with the name : abc
ERROR	2021-07-29 22:47:16,931	27	CustomerDAOImpl	[main]	Error during adding customer with the name : abc
INFO	2021-07-29 22:47:16,932	28	CustomerDAOImpl	[main]	Successfully Added customer with the name : abc
INFO	2021-07-29 22:47:17,269	365	CustomerDAOImpl	[main]	Adding Cuatomer with the name : abc
ERROR	2021-07-29 22:47:17,278	374	CustomerDAOImpl	[main]	Error during adding customer with the name : abc
INFO	2021-07-29 22:47:17,278	374	CustomerDAOImpl	[main]	Successfully Added customer with the name : abc
INFO	2021-07-29 22:47:17,374	470	CustomerDAOImpl	[main]	Adding Cuatomer with the name : abc
ERROR	2021-07-29 22:47:17,383	479	CustomerDAOImpl	[main]	Error during adding customer with the name : abc
INFO	2021-07-29 22:47:17,383	479	CustomerDAOImpl	[main]	Successfully Added customer with the name : abc
INFO	2021-07-29 22:53:49,494	0	BankingApp	[main]	Welcome , renu you logged in at : Thu Jul 29 22:53:49 IST 2021
INFO	2021-07-29 23:11:19,658	0	EmployeeDAOImpl	[main]	Adding Employee with the name : tt
INFO	2021-07-29 23:11:19,674	16	EmployeeDAOImpl	[main]	Successfully Added employee with the name : tt
INFO	2021-07-29 23:11:19,724	66	EmployeeDAOImpl	[main]	Adding Employee with the name : tt
ERROR	2021-07-29 23:11:19,737	79	EmployeeDAOImpl	[main]	Error during adding employee with the name : tt
INFO	2021-07-29 23:11:19,737	79	EmployeeDAOImpl	[main]	Successfully Added employee with the name : tt
INFO	2021-07-29 23:14:29,474	0	EmployeeDAOImpl	[main]	Adding Employee with the name : tt
ERROR	2021-07-29 23:14:29,512	38	EmployeeDAOImpl	[main]	Error during adding employee with the name : tt
INFO	2021-07-29 23:14:29,512	38	EmployeeDAOImpl	[main]	Successfully Added employee with the name : tt
INFO	2021-07-29 23:14:29,609	135	EmployeeDAOImpl	[main]	Adding Employee with the name : tt
ERROR	2021-07-29 23:14:29,617	143	EmployeeDAOImpl	[main]	Error during adding employee with the name : tt
INFO	2021-07-29 23:14:29,617	143	EmployeeDAOImpl	[main]	Successfully Added employee with the name : tt
INFO	2021-07-29 23:14:29,672	198	EmployeeDAOImpl	[main]	Adding Employee with the name : tt
ERROR	2021-07-29 23:14:29,680	206	EmployeeDAOImpl	[main]	Error during adding employee with the name : tt
INFO	2021-07-29 23:14:29,681	207	EmployeeDAOImpl	[main]	Successfully Added employee with the name : tt
INFO	2021-07-29 23:16:44,836	0	BankingApp	[main]	Welcome , renu you logged in at : Thu Jul 29 23:16:44 IST 2021
INFO	2021-07-29 23:16:47,162	2326	BankingApp	[main]	Started Login
INFO	2021-07-29 23:17:08,485	23649	BankingApp	[main]	Welcome  null
INFO	2021-07-30 14:22:56,736	0	BankingApp	[main]	Welcome , renu you logged in at : Fri Jul 30 14:22:56 IST 2021
INFO	2021-07-30 14:22:59,213	2477	BankingApp	[main]	Started Login
INFO	2021-07-30 14:23:04,637	7901	BankingApp	[main]	sorry null
INFO	2021-07-30 14:24:45,189	0	BankingApp	[main]	Welcome , renu you logged in at : Fri Jul 30 14:24:45 IST 2021
INFO	2021-07-30 14:24:47,096	1907	BankingApp	[main]	Started Login
INFO	2021-07-30 14:24:52,637	7448	BankingApp	[main]	Welcome to banking app 
INFO	2021-07-30 14:27:28,933	0	BankingApp	[main]	Welcome , renu you logged in at : Fri Jul 30 14:27:28 IST 2021
INFO	2021-07-30 14:27:31,084	2151	BankingApp	[main]	Started Login
INFO	2021-07-30 14:27:51,003	22070	BankingApp	[main]	Welcome to banking app 
INFO	2021-07-30 14:30:20,057	0	BankingApp	[main]	Welcome , renu you logged in at : Fri Jul 30 14:30:20 IST 2021
INFO	2021-07-30 14:30:22,020	1963	BankingApp	[main]	Started Login
INFO	2021-07-30 14:30:37,152	17095	BankingApp	[main]	Welcome to banking app 
INFO	2021-07-30 14:50:54,201	0	BankingApp	[main]	Welcome , renu you logged in at : Fri Jul 30 14:50:54 IST 2021
INFO	2021-07-30 14:50:57,475	3274	BankingApp	[main]	Started Login
INFO	2021-07-30 14:51:02,910	8709	BankingApp	[main]	Welcome to banking app 
INFO	2021-07-30 15:05:34,640	0	BankingApp	[main]	Welcome , renu you logged in at : Fri Jul 30 15:05:34 IST 2021
INFO	2021-07-30 15:05:37,008	2368	BankingApp	[main]	Started Login
INFO	2021-07-30 15:05:53,558	18918	BankingApp	[main]	Welcome to banking app 
INFO	2021-07-30 15:06:06,384	0	BankingApp	[main]	Welcome , renu you logged in at : Fri Jul 30 15:06:06 IST 2021
INFO	2021-07-30 15:06:18,477	0	BankingApp	[main]	Welcome , renu you logged in at : Fri Jul 30 15:06:18 IST 2021
INFO	2021-07-30 15:06:19,457	980	BankingApp	[main]	Started Login
INFO	2021-07-30 15:06:27,246	8769	BankingApp	[main]	Welcome to banking app 
INFO	2021-07-30 15:06:57,335	0	BankingApp	[main]	Welcome , renu you logged in at : Fri Jul 30 15:06:57 IST 2021
INFO	2021-07-30 15:06:59,494	2159	BankingApp	[main]	Started Login
INFO	2021-07-30 15:18:55,372	0	BankingApp	[main]	Welcome , renu you logged in at : Fri Jul 30 15:18:55 IST 2021
INFO	2021-07-30 15:41:16,365	0	BankingApp	[main]	Welcome , renu you logged in at : Fri Jul 30 15:41:16 IST 2021
INFO	2021-07-30 15:42:22,569	66204	EmployeeDAOImpl	[main]	Adding Employee with the name : renu
INFO	2021-07-30 15:42:22,603	66238	EmployeeDAOImpl	[main]	Successfully Added employee with the name : renu
INFO	2021-07-30 15:42:22,603	66238	BankingApp	[main]	Congratulations renu Your Account is created succesfully....
INFO	2021-07-30 15:42:29,409	73044	BankingApp	[main]	Started Login
INFO	2021-07-30 15:42:49,384	93019	BankingApp	[main]	Welcome to banking app 
INFO	2021-07-30 15:44:04,726	0	BankingApp	[main]	Welcome , renu you logged in at : Fri Jul 30 15:44:04 IST 2021
INFO	2021-07-30 15:44:12,771	8045	BankingApp	[main]	Started Login
INFO	2021-07-30 15:44:41,395	36669	BankingApp	[main]	Welcome to banking app 
